GET / 200 5.371 - ms signature: asdasd
POST /users/login 500 5.083 - ms signature: R53qY37kdMdGGSKlOQdwsGeLrbEJ3bL1PMxFiuZaUKrNvuxAYd5wLScv1zcpacHoC1iH65eUGl3IuXxx8YrI/9OA4xG92xu89YXfYXywkPDQzMyUy9MwH7wkd3T9HS2/eaAHKwuVVgevIOpkAiuLie8ZMaI9A9C110CIF0V3xzzX2IVYx8a8qZNz7z8YH7/HKrjbnJzQqmCKrge8ltAJdi4c8MvM2MszBVbNhEm6R0Y zlTTKcvWO2qvFCpvBoe8kdsFF zJbo07UDwTvTYqgVd3o5ybuUGDu3Gv4eDDH TF465bHU2/UJ7tY0upTFD9wgNY1bc8cK2p0FfUXnp86Q==
GET / 200 2.854 ms signature: asdasd
POST /users/login 401 1.979 ms signature: U3M1wPlCsYjwgYPc2t9oIm1//Ri/ph2fTCfPFfUnGrJcvXzefXE7CSW3Vc2bfgbPNIcxsB9evJ403UMos3I3ccDOYcTLhdggrk1AyTMSXd7ggX7EA/8FCMtCEDDmmJb9pU2G3B4jI/ u2TTi7IwUBTwBdKAljoziwFkbvIeMlhFmhht3nWfkw0BrZEDoEwwxjGvdievrVaAcevhQDSzQM2 zYx7YE2Bp04Mm4rL3Y41yljBpV1keSez96iTJ9V6OEKMIaGwJpt3RmGnQ55Av5 QMcWkYjjJ HK5GMdB7g/DIQXU38jkl3aqxB hZtB M4u4ilAZkNSLBy1xkdpjW6g==
GET / 200 5.116 ms signature: asdasd
GET / 200 8.884 ms signature: asdasd
GET / 500 11.939 ms signature: asdasd
GET / 500 3.258 ms signature: asdasd
GET / 200 4.160 ms signature: asdasd
GET / 200 2.607 ms signature: asdasd
GET / 200 178.199 ms signature: asdasd
GET / 500 123.204 ms signature: asdasd
GET / 500 168.459 ms signature: asdasd
GET / 200 125.939 ms signature: asdasd
GET / 200 133.603 ms signature: asdasd
GET / 500 2.434 ms signature: asdasd
GET / 500 5.301 ms signature: asdasd
GET / 500 3.578 ms signature: asdasd
GET / 500 11.507 ms signature: asdasd
GET / 500 7.642 ms signature: asdasd
GET / 200 6.850 ms signature: asdasd
GET / 304 2.128 ms signature: asdasd
GET / 304 0.845 ms signature: asdasd
GET / 200 9.391 ms signature: asdasd
GET / 200 8.101 ms signature: asdasd
GET / 304 1.286 ms signature: asdasd
GET / 304 1.000 ms signature: asdasd
GET / 304 0.947 ms signature: asdasd
GET / 304 0.747 ms signature: asdasd
GET / 200 162.593 ms signature: asdasd
GET / 200 127.252 ms signature: asdasd
GET / 500 4.280 ms signature: asdasd
GET / 500 2.664 ms signature: asdasd
GET / 200 2.849 ms signature: asdasd
GET / 200 2.178 ms signature: undefined
GET /favicon.ico 404 1.882 ms signature: undefined
GET / 200 0.399 ms signature: asdasd
GET / 200 0.369 ms signature: asdasd
GET / 200 0.395 ms signature: asdasd
GET / 200 3.512 ms signature: asdasd
GET / 200 0.756 ms signature: asdasd
GET / 200 0.805 ms signature: asdasd
POST /users/register 401 1.383 ms signature: dCOVZHjZVS4Mki4HV3pC40jtaknfGeT7mXSXSvgKsWEX8995K09328C1fiB/VW4KHqtAcWBoRy10R1ysXyVUAwB4T/JSGRRJNTbpyIgdl4jzFuwDAqcvGvd80nVvCXxQCJtAhaAEnNc9zkyV7dZ bQDisoAS3SrJvA/U/7ATvdwUG PIvS5X8PrXrSx8GjSvV0SMHrpEtvVLrQlfWFxC aPrzKZc9l89HR7uOysv2aQxsLkdoA2sTx8vapbnyMtmwOftraYBKRkyGVIleubthy4aX qcyBeq/BMGsrLBbPaNTkbYnw8f4Zvnn2crSCIij/41 hkVuxvC/dc7VQ9Ccg==
POST /users/register   ms signature: ywv4Sq5CqGZx2EqY5d3p ygEnAN4McCv8WSm7MGvI2nf3Yt8vugIR6zo8 ft6WwP5jjoA2ESTgVwLHXtkl QlxWGAWT2VbdtGd7k1FeX7mGfP0KtgV8BY6getSzYcuTyRBPgLAj2gbr/sYdLp/zWTL2l97WlqYtI3TH9MGHkit yIYggwgHN LdMoGMX6VnYpYed2vGj1JKRLC2ku2eqRUBxLnrtiHVF2 /0GnbdNjOiBWgUCgmZFfeU8tmx5aoFpFj8B6fHC2rycS4zj/bDK ndhLxYyMQ e mCtzoxwNm5KMxYAm7tJ8uGvMEO5QWwBI1PNuuJt4IX9jMNi/ofew==
GET / 200 0.911 ms signature: asdasd
POST /users/register 200 10.102 ms signature: C26 MwWOotc9lxOJSLGg0/Vp/LZB4J2KAFy7vm3PDzYIJ/onSCcL5bft72c L2bySZ3ncqikbMwCM Fet6E7qISUZg2kOAo/ghle9Bc5s5LhtZV/FhBXWPfD1Al1jmqY8LtynnSVdOrUyd92vvgpiFmzzSkQKYz9hubvNkVo4sjsms9BuWmpDvVJnN5u7nG77w947vH5x6RfyH4q5kKwxE4fa/ARFCyGMeWuhVGlGA 61oPj4E1qJGhJirg x699c8nWKCCxDM2HDmZui3a/tjRCr1hLh9JVHaMp9RtWscaawVR76NLR6jEHshHcXaIZrCqoz8SUcOSZDklACg54ig==
POST /users/register 200 104.667 ms signature: W/wJvtJseh/9W0p8LiwiGHXTG8KjiJTG gXc6McFHrPzSMeLKpqn7tfAFkC6ZyxKdnUYbg3Ts3Dsv7X6sWG7SUrnOuBG5C6VWwijOp8e3alRPW6XJFoO G2bp8GI1zMy7ZUoRxpaijktijsBjb65EXy7etUrGvFQTBmoAJskeuvOzf3V/FOCOqNU/bNzBaH 7G4 vTcVXHcy4MLL2QrNVhFCEP  joXGXY69 wEwMZ0jkPkUQ2TifN dwjL4PeYR8qeef1fw1Wp3mvEQF5vSJJ5NNl 4DgthC692vwsBrKVD8CDnSkQ8intJHSQ K9rtzDIb/FWJFJ8wkyQoJCGUKA==
GET / 200 6.409 ms signature: asdasd
GET / 200 0.692 ms signature: asdasd
GET / 200 0.605 ms signature: asdasd
GET / 200 0.804 ms signature: asdasd
GET / 200 6.238 ms signature: asdasd
GET / 200 1.051 ms signature: asdasd
GET / 200 0.423 ms signature: asdasd
GET / 200 0.567 ms signature: asdasd
GET / 200 1.511 ms signature: asdasd
GET / 200 0.621 ms signature: asdasd
GET /pass/get-all 200 125.338 ms signature: undefined
GET /pass/shared-with-me 200 215.394 ms signature: undefined
GET /pass/shared-with-me 200 5.459 ms signature: undefined
GET / 200 0.464 ms signature: asdasd
GET /pass/shared-with-me 200 11.246 ms signature: undefined
GET /pass/get-all 200 4.122 ms signature: undefined
GET / 200 0.673 ms signature: asdasd
GET / 200 0.362 ms signature: asdasd
GET / 200 0.523 ms signature: asdasd
GET / 200 0.418 ms signature: asdasd
GET / 200 0.475 ms signature: asdasd
GET / 200 0.651 ms signature: asdasd
GET / 200 0.629 ms signature: asdasd
GET / 200 0.438 ms signature: asdasd
GET / 200 0.355 ms signature: asdasd
GET / 200 0.406 ms signature: asdasd
POST /users/register 200 247.672 ms signature: P1upZP5zzKQX955/Qybxz 6GkPZT32XeM5TrmwvQFrXkc2V5FrvjvgFrIjIWazu8 ATp83Pz7e8pimtFsmOsn Gh /n1GjcDY2dhpruqp9BFNP0CHiQOidhLLgoXbSPDsM9Q52gnfufjwudCu4WMScMkGrx/zx27M8DZLnRGsyJqhY6OKNPt7FIKJbNsmGnNo9PnLNqdsAJ9aSp4cyFRbRpm7LmZ9D6tnxVDwm9NCYCuiP Y8Cf9UkVf53sLmFiBBUhFvCbpVY4cZwEGj0WhrV28hlH26k4xKknCPPAy8C7gr YbtU1zS74wwda1kWSTIfke5 Rrtc0ib6IyQvXSuQ==
GET / 200 0.399 ms signature: asdasd
POST /users/register 200 101.491 ms signature: iyVd2PkLbO4Ubww3AOkAKjPwhyEAb1J9b1yY4xBImfFAfKHxjOxGYp6CPFAr4lIIDWaHUFQ3PSASupotr2JG9JA8cOQ3rfLICnRBA40Km39CDOBuiSnRXK8gNBoUZr57dP2jWXckvHgWxtrEoANnEyudWPugB1thWaLXrqYxZFWnOgbSpbgvr4Tj2XYyVQWkYN/W42Swa7Op/R54dWsAhktqvRDFgsrQWzaGxZJcgxqWXDEfjkTD74cnJTCaxu2Zo7Thp0ZagiXTbgAphYS6YSxYFwMAzfk7y/dkRuXSAP7gWEMOfyrFV5QKCwjng1hWN1/R78SNx8HAPy4WR/2EkA==
GET / 200 0.456 ms signature: asdasd
GET /pass/shared-with-me 200 6.292 ms signature: undefined
GET /pass/get-all 200 2.544 ms signature: undefined
POST /pass/create-item 200 5.474 ms signature: undefined
GET /pass/get-all 200 3.659 ms signature: undefined
GET /pass/shared-with-me 200 3.179 ms signature: undefined
GET /pass/get-all 200 5.982 ms signature: undefined
GET / 200 0.277 ms signature: asdasd
GET /pass/shared-with-me 200 2.212 ms signature: undefined
GET /pass/get-all 200 5.140 ms signature: undefined
GET / 200 0.592 ms signature: asdasd
GET /pass/shared-with-me 200 2.717 ms signature: undefined
GET /pass/get-all 200 4.608 ms signature: undefined
POST /pass/create-item 200 5.870 ms signature: undefined
GET /pass/get-all 200 6.073 ms signature: undefined
GET / 200 0.591 ms signature: asdasd
GET /pass/get-all 200 3.419 ms signature: undefined
GET /pass/shared-with-me 200 30.800 ms signature: undefined
GET /users/get-all 200 32.142 ms signature: undefined
GET / 200 0.387 ms signature: asdasd
GET /pass/shared-with-me 200 2.556 ms signature: undefined
GET /pass/get-all 200 3.826 ms signature: undefined
GET /users/get-all 200 2.851 ms signature: undefined
GET /pass/shared-with-me 200 4.474 ms signature: undefined
GET /pass/get-all 200 3.064 ms signature: undefined
GET / 200 0.716 ms signature: asdasd
POST /users/register 200 154.982 ms signature: crIX21JdnOLBEcUZ0qhIXRWE GQ JQFy4TiaiFrG 49oJy99KaCe2jTFPhPYW5FusyCar/QATnNmXzW8Qq0v3B0r4E0cV1w5aLz1FsZCxYuwc1kiOwgxmXjvL taRaFO9DiipvTooJ1blH4I9PRYOy/4ztWTUfbjWvlsueEASqctMS0zm3sgM7hhZFWA9wblYvpA7oOPHTkSkjySIXOz /1 66RaYVRBVnT8baftq3iO1vXFGTBQmRQO3PcIezahMFFtMwy4o8nGhi187WAhCAEgYWYFuxa0m91Qua32qwULuFO 676qfemXQmD4ldvwvij1G8unYjzvrjA4NkUi3A==
GET / 200 0.328 ms signature: asdasd
GET /pass/shared-with-me 200 1.558 ms signature: undefined
GET /pass/get-all 200 1.851 ms signature: undefined
POST /pass/create-item 200 3.439 ms signature: undefined
GET /pass/get-all 200 3.337 ms signature: undefined
GET /users/get-all 200 3.251 ms signature: undefined
GET / 200 0.294 ms signature: asdasd
GET / 200 0.337 ms signature: asdasd
GET / 200 0.310 ms signature: asdasd
POST /users/register 200 125.411 ms signature: MH0H7LZpq4DB65mmq3o0Nvdi t9DNoDlMHgru9uhtSKYgeRrqU57r8nNNvWA9a1AjLcsrJOSXQGQvTy7LxdAxnbjkdAFry4e0SYeiZ5WVok0jlC68QvLE9tpCEqrOb E4eqiKPTKdYYYeXtMJYRmoM1Cx9wAUTnseu4dA8P52BzSk2Sd1ynKCFpJwldGT8keILzWFApoQ gidHC gNsLhIkaL8VfPmRH/UxT9tyO1/zDleos5/na6VNPz1ux8ZBpvv8ePkn5eCYPl d6RvIoMpMBiWYhg0JC8hB7vLgKPxrb7Xis69CyARI8uDTaVQgk5wNXqjHtrXMLF/c/E5LZ/A==
GET / 200 0.535 ms signature: asdasd
GET /pass/shared-with-me 200 1.497 ms signature: undefined
GET /pass/get-all 200 2.670 ms signature: undefined
POST /users/register 200 84.272 ms signature: YC4dWeHlbF/uH9KnjsE6UcgNX4vW6FwkyR1vj3vOTxu P/rTmBiT8oCeUpK8FwQRoykiWBUW/Y xp/qRBM1M7b33AOMOp1Bserf47Apf ty0F81V7h4pdvYMU/Sy3fd12s LatXwO1xN4mNqBDkFQe1t8Vvqb2STTyqT7C6vjPEAmsPjBre2qUiUESA iB23ag8guYnaXMQjoRSqzwJ3yk9vAsIWXyRbkUWRAXfnPn0/I31SMig8bisV7wO5TZSwrEwrrhq4jzWI0ggyYk03hhkOI4o7kxHGwXESyJSV1J0Udq9GvhD1fqCaouNGmvadn3nuw2AK2YrG8M0Ekk5yDA==
GET / 200 0.323 ms signature: asdasd
GET /pass/shared-with-me 200 2.311 ms signature: undefined
GET /pass/get-all 200 1.930 ms signature: undefined
POST /pass/create-item 200 18.897 ms signature: undefined
GET /pass/get-all 200 3.654 ms signature: undefined
POST /pass/create-item 200 3.206 ms signature: undefined
GET /pass/get-all 200 8.252 ms signature: undefined
GET /users/get-all 200 4.488 ms signature: undefined
POST /pass/share-item 200 30.177 ms signature: undefined
GET / 200 0.456 ms signature: asdasd
GET /pass/shared-with-me 200 1.923 ms signature: undefined
GET /pass/get-all 200 3.717 ms signature: undefined
GET /pass/shared-with-me 200 4.623 ms signature: undefined
GET / 200 0.348 ms signature: asdasd
GET /pass/shared-with-me 200 2.856 ms signature: undefined
GET /pass/get-all 200 4.129 ms signature: undefined
GET /pass/shared-with-me 200 1.766 ms signature: undefined
GET / 200 0.427 ms signature: asdasd
GET /pass/shared-with-me 200 3.128 ms signature: undefined
GET /pass/get-all 200 4.527 ms signature: undefined
GET /pass/shared-with-me 200 2.003 ms signature: undefined
GET / 200 2.534 ms signature: asdasd
GET /pass/get-all 200 30.495 ms signature: undefined
GET /pass/shared-with-me 200 48.966 ms signature: undefined
GET / 200 10.151 ms signature: asdasd
POST /users/register 200 253.967 ms signature: KkBzd83AIDl1zrRtmXVOpDgJB8MEQvOAYBvBbZ0q o8C6H/5uuWNBAb/pe9oBD2aL8d4HzPCXt9q4kN5E4k/SYpZ6ACF1IZBw1dH2ocdB8/ dI43PLGq17P09QTgnVhdye8XEA5R7IZWcatc/EFIsl1JkzhII3epVLc3a1opGjJrn/z89lpXG4e7oMAnCrI56/ODvh2LMqU8V6s GG6qP3u3tLfxMwlowW3VSs71u8O Ehus6SPRR3HqJw9mO/PS9Lv010ywburwNIyq27ztnPBgnKQ15odPeGLE92DAWJbjOjhm23GqZawU7BdULkXu6437IC50PHLYBxUtWsQZNw==
GET / 200 7.627 ms signature: asdasd
GET / 200 2.981 ms signature: asdasd
GET / 200 11.978 ms signature: undefined
GET /favicon.ico 404 21.098 ms signature: undefined
GET / 200 4.183 ms signature: asdasd
GET / 200 0.513 ms signature: asdasd
POST /users/register 200 177.235 ms signature: nLmxiwe/oH7cDKZM2IGNIgXj1coEeU6JEr6BK3sI0nsp m51Xs2FxfPqWcSTKfmVlnvbNqT5TMxMQjUr4LFqNumydGcKa yvTWaRlEjTxjstGX6sN6rdBfLLaeAg5A5iuNm/jkFbXeFg6HMXrgcvR5cjIT9T871J /IsZzcKlcmzOAoafrvVnmpIqvjzw6EqZvsRucXd9sgnK5VZxjFAoU4eDnxPIwJHMDGLBXyyEBhK zqLTHFoxSQ8P578nvUTB2fohYkVmk1vibPLcBoavuBF6JHtjrGlFyFno1HPoUD8D7Vkylatn3zw8AtMQJo11BOUvgVjPhbPnLMHKlUaDg==
GET / 200 0.764 ms signature: asdasd
GET /pass/shared-with-me 200 23.099 ms signature: undefined
GET /pass/get-all 200 8.086 ms signature: undefined
POST /pass/create-item 200 8.317 ms signature: undefined
GET /pass/get-all 200 10.936 ms signature: undefined
GET / 200 0.629 ms signature: asdasd
POST /users/register 200 133.314 ms signature: Fg4mCDrjKZlvmHkDJGYFXbALpdVgGtm0o3fBb0toADZJkrHHdcUKnlc2lOhhBlojvukWKSlmERhH1sjaKobK9Y7go1VazLAjOa2okWysCWevQhfR7VHLsixsVkKOvdLjM2odek/ncW qyz8s3JcA7lU/DzQJ44y1sKtMygubDjOLvQ5F1/Q2nw4lAPRkOyGvbYN6ZadMaZNtIlRJ64kWVaifuP6jcVAVTw0/fhjhrGj1vvwT7Mj3 GPxQ2GOMry2Kzsp3zoRMFzyoj8/oLjg6oDZZU8etXCIZ27Qm166vglpUeLpQm/usyCv4Pe/EK3u81rvHH/oSRpiRbn1ZTkZvQ==
GET / 200 0.668 ms signature: asdasd
GET /pass/get-all 200 2.022 ms signature: undefined
GET /pass/shared-with-me 200 39.962 ms signature: undefined
POST /pass/create-item 200 5.397 ms signature: undefined
GET /pass/get-all 200 4.753 ms signature: undefined
GET / 200 9.757 ms signature: asdasd
GET /pass/get-all 200 18.854 ms signature: undefined
GET /pass/shared-with-me 200 103.408 ms signature: undefined
GET /users/get-all 200 13.169 ms signature: undefined
POST /pass/share-item 200 53.347 ms signature: undefined
GET / 200 9.769 ms signature: asdasd
GET /pass/get-all 200 16.043 ms signature: undefined
GET /pass/shared-with-me 200 37.367 ms signature: undefined
GET /pass/shared-with-me 200 4.006 ms signature: undefined
GET / 200 3.491 ms signature: asdasd
GET /pass/get-all 200 32.845 ms signature: undefined
GET /pass/shared-with-me 200 67.490 ms signature: undefined
GET /pass/shared-with-me 200 8.161 ms signature: undefined
GET /pass/accept-item 200 67.611 ms signature: undefined
GET / 200 0.517 ms signature: asdasd
GET /pass/get-all 200 13.520 ms signature: undefined
GET /pass/shared-with-me 200 44.358 ms signature: undefined
GET /users/get-all 200 6.716 ms signature: undefined
GET /pass/shared-with-me 200 5.786 ms signature: undefined
GET /pass/get-all 200 4.578 ms signature: undefined
GET /pass/shared-with-me 200 4.580 ms signature: undefined
GET / 200 3.022 ms signature: asdasd
GET / 200 0.460 ms signature: asdasd
GET / 200 0.445 ms signature: asdasd
POST /users/register 200 279.128 ms signature: GMjS56Dt42/3iqhEsUUsc6IE2noy99VWt9z2DWIBofB6c1oABKr4DDaLMwQQ5atAU U2jtKGgqrT0u5OYiap43qwVXwr23nK4gYYEIbQlF y9xSlD3wMKEsU5tneQaBPsPXOIYD0RscoLZdSnO8/m256ph7NMRyo 8wdmSaXGV3cOurBp/IPeWUK/zIbdRNSLnjse4WaSbcX6xEYmcdUG5HHS4wet1HRlBEH9KF 9v2K3f4cNwCQTwTruJaugutOSXmX0rXM8axDQykrVg1GqePql3zYLqemgvR1XrGvjtF7oVgtK6utsbXNDs1KPuABvvLcJpkVkPQSZ5EhLdbq1A==
GET /pass/shared-with-me 200 23.551 ms signature: undefined
GET /pass/get-all 200 8.165 ms signature: undefined
POST /pass/create-item 200 33.528 ms signature: undefined
GET /pass/get-all 200 21.028 ms signature: undefined
GET / 200 4.496 ms signature: asdasd
GET /pass/get-all 200 14.308 ms signature: undefined
GET /pass/shared-with-me 200 36.701 ms signature: undefined
GET / 200 3.832 ms signature: asdasd
GET /pass/shared-with-me 200 12.996 ms signature: undefined
GET /pass/get-all 200 13.541 ms signature: undefined
GET / 200 5.121 ms signature: asdasd
GET /pass/shared-with-me 200 16.915 ms signature: undefined
GET /pass/get-all 200 14.561 ms signature: undefined
GET / 200 8.608 ms signature: asdasd
GET /pass/shared-with-me 200 12.929 ms signature: undefined
GET /pass/get-all 200 19.701 ms signature: undefined
POST /pass/create-item 200 34.773 ms signature: undefined
GET /pass/get-all 200 15.503 ms signature: undefined
GET / 200 0.925 ms signature: asdasd
GET /pass/shared-with-me 200 4.899 ms signature: undefined
GET /pass/get-all 200 6.581 ms signature: undefined
GET / 200 2.443 ms signature: asdasd
GET /pass/shared-with-me 200 17.255 ms signature: undefined
GET /pass/get-all 200 11.100 ms signature: undefined
GET / 200 7.234 ms signature: asdasd
GET /pass/shared-with-me 200 13.020 ms signature: undefined
GET /pass/get-all 200 37.784 ms signature: undefined
GET / 200 8.787 ms signature: asdasd
GET /pass/shared-with-me 200 13.729 ms signature: undefined
GET /pass/get-all 200 46.961 ms signature: undefined
GET / 200 7.110 ms signature: asdasd
GET /pass/shared-with-me 200 12.916 ms signature: undefined
GET /pass/get-all 200 33.725 ms signature: undefined
GET / 200 7.029 ms signature: asdasd
GET /pass/shared-with-me 200 11.774 ms signature: undefined
GET /pass/get-all 200 33.782 ms signature: undefined
GET / 200 15.829 ms signature: asdasd
GET /pass/shared-with-me 200 18.370 ms signature: undefined
GET /pass/get-all 200 43.372 ms signature: undefined
GET / 200 6.574 ms signature: asdasd
GET /pass/shared-with-me 200 17.505 ms signature: undefined
GET /pass/get-all 200 81.742 ms signature: undefined
GET / 200 16.710 ms signature: asdasd
GET /pass/shared-with-me 200 43.963 ms signature: undefined
GET /pass/get-all 200 43.291 ms signature: undefined
GET / 200 8.641 ms signature: asdasd
GET /pass/shared-with-me 200 13.326 ms signature: undefined
GET /pass/get-all 200 35.997 ms signature: undefined
GET / 200 7.203 ms signature: asdasd
GET /pass/shared-with-me 200 19.092 ms signature: undefined
GET /pass/get-all 200 48.255 ms signature: undefined
GET / 200 4.399 ms signature: asdasd
GET /pass/shared-with-me 200 12.595 ms signature: undefined
GET /pass/get-all 200 48.750 ms signature: undefined
GET / 200 6.818 ms signature: asdasd
GET /pass/shared-with-me 200 15.519 ms signature: undefined
GET /pass/get-all 200 42.287 ms signature: undefined
GET / 200 9.115 ms signature: asdasd
GET /pass/shared-with-me 200 16.157 ms signature: undefined
GET /pass/get-all 200 36.044 ms signature: undefined
GET / 200 1.154 ms signature: asdasd
GET /pass/shared-with-me 200 4.966 ms signature: undefined
GET /pass/get-all 200 13.235 ms signature: undefined
GET / 200 1.848 ms signature: asdasd
GET /pass/shared-with-me 200 4.339 ms signature: undefined
GET /pass/get-all 200 6.183 ms signature: undefined
GET / 200 1.224 ms signature: asdasd
GET /pass/shared-with-me 200 4.515 ms signature: undefined
GET /pass/get-all 200 7.358 ms signature: undefined
GET / 200 0.700 ms signature: asdasd
GET /pass/shared-with-me 200 4.344 ms signature: undefined
GET /pass/get-all 200 5.740 ms signature: undefined
GET / 200 0.390 ms signature: asdasd
GET /pass/shared-with-me 200 7.709 ms signature: undefined
GET /pass/get-all 200 4.782 ms signature: undefined
GET / 200 0.725 ms signature: asdasd
GET /pass/get-all 200 114.330 ms signature: undefined
GET /pass/shared-with-me 200 131.836 ms signature: undefined
GET /users/get-all 200 11.977 ms signature: undefined
GET / 200 1.424 ms signature: asdasd
GET /pass/shared-with-me 200 2.357 ms signature: undefined
GET /pass/get-all 200 4.146 ms signature: undefined
GET / 200 0.422 ms signature: asdasd
GET /pass/shared-with-me 200 3.272 ms signature: undefined
GET /pass/get-all 200 6.283 ms signature: undefined
GET / 200 0.455 ms signature: asdasd
GET /pass/shared-with-me 200 2.736 ms signature: undefined
GET /pass/get-all 200 3.473 ms signature: undefined
GET /pass/shared-with-me 200 3.665 ms signature: undefined
GET /pass/get-all 200 3.795 ms signature: undefined
GET /users/get-all 200 19.397 ms signature: undefined
GET / 200 0.624 ms signature: asdasd
POST /users/register 200 131.254 ms signature: IERy20sC6xb07BSfQ7L3 1UNQPJfRC1Az/DvUfF8r1eau1k0oTep8vhBLGtsikBabqkBNSXdQ62cLaCxNyIGA3Z6EZlOwCKyrtkuOVWV2lhgjHz80QZC0UvcOzIexs4k3w72ae1B3593XTb5It4jU6SISMqg3yrvMXcD  5D3TWleg22gFZcqUgBhhDx//kw1m nWtgNu9 Izby1uH1oQwyLPxYXPgFlWQGApdo36AG10U2UM AkdJoVCYbNqk7ZsBoWHBkmrQ8XAfP2pPj38px3yAvRAy9iUP3hn7s0uQzt3Nbvdx19hX2BiqGUDgfe4r17vBrCh2Cnox9P8PQ9mA==
GET / 200 0.642 ms signature: asdasd
GET /pass/shared-with-me 200 7.522 ms signature: undefined
GET /pass/get-all 200 3.085 ms signature: undefined
POST /pass/create-item 200 13.012 ms signature: undefined
GET /pass/get-all 200 12.035 ms signature: undefined
GET /users/get-all 200 2.879 ms signature: undefined
POST /pass/share-item 200 3.261 ms signature: undefined
GET / 200 1.602 ms signature: asdasd
GET / 200 0.567 ms signature: asdasd
GET /pass/shared-with-me 200 5.681 ms signature: undefined
GET /pass/get-all 200 8.635 ms signature: undefined
GET /pass/shared-with-me 200 4.188 ms signature: undefined
GET /pass/get-all 200 4.919 ms signature: undefined
GET /users/get-all 200 2.965 ms signature: undefined
POST /pass/share-item 200 5.461 ms signature: undefined
GET / 200 0.855 ms signature: asdasd
GET / 200 0.489 ms signature: asdasd
GET /pass/shared-with-me 200 3.717 ms signature: undefined
GET /pass/get-all 200 7.026 ms signature: undefined
GET /pass/shared-with-me 200 2.501 ms signature: undefined
GET /pass/get-all 200 4.549 ms signature: undefined
GET /users/get-all 200 2.978 ms signature: undefined
POST /pass/share-item 200 1.828 ms signature: undefined
GET / 200 0.484 ms signature: asdasd
GET / 200 1.323 ms signature: asdasd
GET /pass/shared-with-me 200 4.302 ms signature: undefined
GET /pass/get-all 200 7.145 ms signature: undefined
GET /pass/shared-with-me 200 4.576 ms signature: undefined
GET /pass/get-all 200 4.511 ms signature: undefined
GET /users/get-all 200 2.576 ms signature: undefined
POST /pass/share-item 200 3.480 ms signature: undefined
GET /users/get-all 200 19.767 ms signature: undefined
POST /pass/share-item 200 8.744 ms signature: undefined
GET /users/get-all 200 19.695 ms signature: undefined
GET /users/get-all 200 11.464 ms signature: undefined
GET /users/get-all 200 19.315 ms signature: undefined
POST /pass/share-item 500 13.983 ms signature: undefined
POST /pass/share-item 200 24.833 ms signature: undefined
POST /pass/share-item 200 20.930 ms signature: undefined
POST /pass/share-item 200 25.515 ms signature: undefined
GET / 200 1.030 ms signature: asdasd
GET /pass/shared-with-me 200 10.981 ms signature: undefined
GET /pass/get-all 200 14.840 ms signature: undefined
GET / 200 0.537 ms signature: asdasd
GET /pass/shared-with-me 200 9.375 ms signature: undefined
GET /pass/get-all 200 7.112 ms signature: undefined
GET /pass/shared-with-me 200 6.913 ms signature: undefined
GET / 200 3.759 ms signature: asdasd
GET /pass/shared-with-me 200 10.842 ms signature: undefined
GET /pass/get-all 200 23.127 ms signature: undefined
GET /pass/shared-with-me 200 8.220 ms signature: undefined
GET / 200 1.319 ms signature: asdasd
GET /pass/shared-with-me 200 2.534 ms signature: undefined
GET /pass/get-all 200 3.854 ms signature: undefined
GET / 200 0.499 ms signature: asdasd
POST /users/register 200 143.620 ms signature: c/VMWc/iolnE4N6xIdqUMqO/zBNEYsp1gz3Rre8dfLZOgF rhbw2SVkBgXIg1AposYxSlxB4f46n5o eQlgjfJBey8PSSd4jP49Ay HXI2bOzxTBZfr9p/ enXQLnJrtE0b4BqzzjMJMN/rImj2KqAfaj/VpcKfYUkCPXAVC2s2fyPeZZ3cZln1mgZmuVBWDl2Zy190fZkQ8pqAI6FxNp0K7BlG1JAR5FOoXW2oE70bLc3ZuO B2uLK6hpBV n9WfvuDl/pB64eNmzdhbwupHR bRokr8c49RJX5W6JCl42 leDULhoJxxn/XLtiA571DJRIo4n2O5eWphtrXOLm3g==
GET / 200 1.254 ms signature: asdasd
GET /pass/shared-with-me 200 3.999 ms signature: undefined
GET /pass/get-all 200 4.208 ms signature: undefined
POST /pass/create-item 200 25.525 ms signature: undefined
GET /pass/get-all 200 6.685 ms signature: undefined
GET /users/get-all 200 4.456 ms signature: undefined
GET / 200 0.424 ms signature: asdasd
POST /users/register 200 100.308 ms signature: coeQyVa57fdkJAEsK22bv1LqEykQKVGodfp/LcIFeAl2ui2rXbT4FX2WJTM1O/emoMr5VfhM9sLFfM i VnoR0VkrJkW mJJq0pDGM1vDSkVLt/wb2hVJ4iadN2CTQlm1zkORMtk2HT6uxuESVAoxz1u2hN19vivL1yCaT5xStTSVTHbgrd814gNrQwCm75Y1sHVfQml1B3rtJ7aG7QAXvyB/TNXhkch1WvRU7yrRSqSoTqYyxO4RWAkQTjSW/zqXLD7M3/IERSdMOxmOv1hdCHhzVDIbGfeOzsXYwTGK4LBTUtOfUK/FOeo7YAcue5ht4eJlpdOaBzAw2aLCudhRQ==
GET /pass/shared-with-me 200 2.712 ms signature: undefined
GET /pass/get-all 200 3.472 ms signature: undefined
POST /pass/create-item 200 8.235 ms signature: undefined
GET /pass/get-all 200 8.853 ms signature: undefined
GET /users/get-all 200 3.071 ms signature: undefined
POST /pass/share-item 200 25.467 ms signature: undefined
GET / 200 0.634 ms signature: undefined
GET /favicon.ico 404 60.148 ms signature: undefined
